[debug] > Exec(early(addDefaultCommands), None, None)
[debug] > Exec(addDefaultCommands, None, None)
[debug] > Exec(early(initialize), None, None)
[debug] > Exec(initialize, None, None)
[debug] > Exec(early(addPluginSbtFile="""C:\Users\Mik\AppData\Local\Temp\idea1.sbt"""), None, None)
[debug] > Exec(addPluginSbtFile="""C:\Users\Mik\AppData\Local\Temp\idea1.sbt""", None, None)
[debug] > Exec(boot, None, None)
[debug] > Exec(writeSbtVersion, None, None)
[debug] > Exec(reload, None, None)
[debug] > Exec(sbtStashOnFailure, None, None)
[debug] > Exec(onFailure loadFailed, None, None)
[debug] > Exec(loadp, None, None)
[info] welcome to sbt 1.11.6 (Oracle Corporation Java 21.0.3)
[debug] Load.defaultLoad until apply took 346.9641ms
[debug]           Load.loadUnit: plugins took 167.787599ms
[debug]           Load.loadUnit: defsScala took 0.820699ms
[debug] [Loading] Scanning directory E:\MUIC\Funpar\basic-solver\project
[debug]             Load.loadUnit: mkEval took 9.8054ms
[debug] [Loading] Found non-root projects 
[debug] [Loading] Done in E:\MUIC\Funpar\basic-solver\project, returning: ()
[debug] deducing auto plugins based on known facts Set(Atom(sbt.plugins.CorePlugin)) and clauses Clauses(Clause(Atom(sbt.plugins.JvmPlugin),Set(Atom(sbt.plugins.IvyPlugin)))
[debug] Clause(Atom(sbt.ScriptedPlugin),Set(Atom(sbt.plugins.JvmPlugin)))
[debug] Clause(Atom(sbt.plugins.SbtPlugin),Set(Atom(sbt.ScriptedPlugin)))
[debug] Clause(Atom(sbt.plugins.SemanticdbPlugin),Set(Atom(sbt.plugins.JvmPlugin)))
[debug] Clause(Atom(sbt.plugins.JUnitXmlReportPlugin),Set(Atom(sbt.plugins.JvmPlugin)))
[debug] Clause(Atom(sbt.plugins.MiniDependencyTreePlugin),Set(Atom(sbt.plugins.JvmPlugin)))
[debug] Clause(Atom(sbt.plugins.CorePlugin),Set(Atom(sbt.plugins.IvyPlugin)))
[debug] Clause(Atom(sbt.plugins.IvyPlugin),Set(Atom(sbt.plugins.JvmPlugin)))
[debug] Clause(Atom(sbt.plugins.JvmPlugin),Set(Atom(sbt.plugins.SemanticdbPlugin)))
[debug] Clause(Atom(sbt.plugins.JvmPlugin),Set(Atom(sbt.plugins.JUnitXmlReportPlugin)))
[debug] Clause(Atom(sbt.plugins.CorePlugin),Set(Atom(sbt.plugins.Giter8TemplatePlugin)))
[debug] Clause(Atom(sbt.plugins.JvmPlugin),Set(Atom(sbt.plugins.MiniDependencyTreePlugin))))
[debug]   :: deduced result: Matched(sbt.plugins.CorePlugin,sbt.plugins.Giter8TemplatePlugin,sbt.plugins.IvyPlugin,sbt.plugins.JvmPlugin,sbt.plugins.MiniDependencyTreePlugin,sbt.plugins.JUnitXmlReportPlugin,sbt.plugins.SemanticdbPlugin)
[debug] Plugins.deducer#function took 28.558101 ms
[info] loading settings for project basic-solver-build from idea1.sbt...
[debug]               Load.resolveProject(basic-solver-build) took 84.0258ms
[debug]             Load.loadTransitive: finalizeProject(Project(id basic-solver-build, base: E:\MUIC\Funpar\basic-solver\project, plugins: List(<none>))) took 145.2558ms
[debug] [Loading] Done in E:\MUIC\Funpar\basic-solver\project, returning: (basic-solver-build)
[debug]           Load.loadUnit: loadedProjectsRaw took 674.082501ms
[debug]           Load.loadUnit: cleanEvalClasses took 13.406ms
[debug]         Load.loadUnit(file:/E:/MUIC/Funpar/basic-solver/project/, ...) took 867.8821ms
[debug]       Load.apply: load took 1097.767501ms
[debug]       Load.apply: resolveProjects took 11.5307ms
[debug]       Load.apply: finalTransforms took 124.648899ms
[debug]       Load.apply: config.delegates took 14.664299ms
[debug]       Load.apply: Def.make(settings)... took 1063.9347ms
[debug]       Load.apply: structureIndex took 340.0292ms
[debug]       Load.apply: mkStreams took 11.7658ms
[info] loading project definition from E:\MUIC\Funpar\basic-solver\project
[debug] Running task... Cancel: Signal, check cycles: false, forcegc: true
[debug]     Load.loadUnit: plugins took 4744.6934ms
[debug]     Load.loadUnit: defsScala took 0.0106ms
[debug] [Loading] Scanning directory E:\MUIC\Funpar\basic-solver
[debug]       Load.loadUnit: mkEval took 0.602899ms
[debug] [Loading] Found root project root w/ remaining 
[debug] deducing auto plugins based on known facts Set(Atom(sbt.plugins.CorePlugin)) and clauses Clauses(Clause(Atom(sbt.plugins.JvmPlugin),Set(Atom(sbt.plugins.IvyPlugin)))
[debug] Clause(Atom(sbt.ScriptedPlugin),Set(Atom(sbt.plugins.JvmPlugin)))
[debug] Clause(Atom(sbt.plugins.SbtPlugin),Set(Atom(sbt.ScriptedPlugin)))
[debug] Clause(Atom(sbt.plugins.SemanticdbPlugin),Set(Atom(sbt.plugins.JvmPlugin)))
[debug] Clause(Atom(sbt.plugins.JUnitXmlReportPlugin),Set(Atom(sbt.plugins.JvmPlugin)))
[debug] Clause(Atom(sbt.plugins.MiniDependencyTreePlugin),Set(Atom(sbt.plugins.JvmPlugin)))
[debug] Clause(Atom(org.jetbrains.sbt.StructurePlugin),Set(Atom(sbt.plugins.JvmPlugin)))
[debug] Clause(Atom(org.jetbrains.sbt.IdeaShellPlugin),Set(Atom(sbt.plugins.JvmPlugin)))
[debug] Clause(Atom(sbt.plugins.CorePlugin),Set(Atom(sbt.plugins.IvyPlugin)))
[debug] Clause(Atom(sbt.plugins.IvyPlugin),Set(Atom(sbt.plugins.JvmPlugin)))
[debug] Clause(Atom(sbt.plugins.JvmPlugin),Set(Atom(sbt.plugins.SemanticdbPlugin)))
[debug] Clause(Atom(sbt.plugins.JvmPlugin),Set(Atom(sbt.plugins.JUnitXmlReportPlugin)))
[debug] Clause(Atom(sbt.plugins.CorePlugin),Set(Atom(sbt.plugins.Giter8TemplatePlugin)))
[debug] Clause(Atom(sbt.plugins.JvmPlugin),Set(Atom(sbt.plugins.MiniDependencyTreePlugin)))
[debug] Clause(Atom(sbt.plugins.JvmPlugin),Set(Atom(org.jetbrains.sbt.StructurePlugin)))
[debug] Clause(Atom(sbt.plugins.JvmPlugin),Set(Atom(org.jetbrains.sbt.IdeaShellPlugin))))
[debug]   :: deduced result: Matched(sbt.plugins.CorePlugin,sbt.plugins.Giter8TemplatePlugin,sbt.plugins.IvyPlugin,sbt.plugins.JvmPlugin,sbt.plugins.SemanticdbPlugin,sbt.plugins.JUnitXmlReportPlugin,org.jetbrains.sbt.IdeaShellPlugin,org.jetbrains.sbt.StructurePlugin,sbt.plugins.MiniDependencyTreePlugin)
[debug] Plugins.deducer#function took 5.6082 ms
[info] loading settings for project root from build.sbt...
[debug]         Load.resolveProject(root) took 73.9165ms
[debug]       Load.loadTransitive: finalizeProject(Project(id root, base: E:\MUIC\Funpar\basic-solver, plugins: List(<none>))) took 81.8504ms
[debug] [Loading] Done in E:\MUIC\Funpar\basic-solver, returning: (root)
[debug]     Load.loadUnit: loadedProjectsRaw took 168.1408ms
[debug]     Load.loadUnit: cleanEvalClasses took 3.9589ms
[debug]   Load.loadUnit(file:/E:/MUIC/Funpar/basic-solver/, ...) took 4920.4476ms
[debug] Load.apply: load took 4955.573001ms
[debug] Load.apply: resolveProjects took 0.542601ms
[debug] Load.apply: finalTransforms took 57.2509ms
[debug] Load.apply: config.delegates took 0.629901ms
[debug] Load.apply: Def.make(settings)... took 169.4153ms
[debug] Load.apply: structureIndex took 80.027101ms
[debug] Load.apply: mkStreams took 0.004799ms
[info] set current project to Basic Equation Solver (in build file:/E:/MUIC/Funpar/basic-solver/)
[debug] > Exec(sbtPopOnFailure, None, None)
[debug] > Exec(resumeFromFailure, None, None)
[debug] > Exec(notifyUsersAboutShell, None, None)
[debug] > Exec(iflast shell, None, None)
[debug] > Exec(idea-shell, None, None)
